0 info it worked if it ends with ok
1 verbose cli [ '/home/exequieldemaio/.nvm/versions/node/v4.3.1/bin/node',
1 verbose cli   '/home/exequieldemaio/.nvm/versions/node/v4.3.1/bin/npm',
1 verbose cli   'start' ]
2 info using npm@2.14.12
3 info using node@v4.3.1
4 verbose run-script [ 'prestart', 'start', 'poststart' ]
5 info prestart pruebas-react-redux-disponibilidad@0.1.0
6 info start pruebas-react-redux-disponibilidad@0.1.0
7 verbose unsafe-perm in lifecycle true
8 info pruebas-react-redux-disponibilidad@0.1.0 Failed to exec start script
9 verbose stack Error: pruebas-react-redux-disponibilidad@0.1.0 start: `DEBUG=true node server.js`
9 verbose stack Exit status 1
9 verbose stack     at EventEmitter.<anonymous> (/home/exequieldemaio/.nvm/versions/node/v4.3.1/lib/node_modules/npm/lib/utils/lifecycle.js:214:16)
9 verbose stack     at emitTwo (events.js:87:13)
9 verbose stack     at EventEmitter.emit (events.js:172:7)
9 verbose stack     at ChildProcess.<anonymous> (/home/exequieldemaio/.nvm/versions/node/v4.3.1/lib/node_modules/npm/lib/utils/spawn.js:24:14)
9 verbose stack     at emitTwo (events.js:87:13)
9 verbose stack     at ChildProcess.emit (events.js:172:7)
9 verbose stack     at maybeClose (internal/child_process.js:821:16)
9 verbose stack     at Process.ChildProcess._handle.onexit (internal/child_process.js:211:5)
10 verbose pkgid pruebas-react-redux-disponibilidad@0.1.0
11 verbose cwd /home/exequieldemaio/despegar/pruebas-react-redux-disponibilidad
12 error Linux 4.1.6-040106-generic
13 error argv "/home/exequieldemaio/.nvm/versions/node/v4.3.1/bin/node" "/home/exequieldemaio/.nvm/versions/node/v4.3.1/bin/npm" "start"
14 error node v4.3.1
15 error npm  v2.14.12
16 error code ELIFECYCLE
17 error pruebas-react-redux-disponibilidad@0.1.0 start: `DEBUG=true node server.js`
17 error Exit status 1
18 error Failed at the pruebas-react-redux-disponibilidad@0.1.0 start script 'DEBUG=true node server.js'.
18 error This is most likely a problem with the pruebas-react-redux-disponibilidad package,
18 error not with npm itself.
18 error Tell the author that this fails on your system:
18 error     DEBUG=true node server.js
18 error You can get their info via:
18 error     npm owner ls pruebas-react-redux-disponibilidad
18 error There is likely additional logging output above.
19 verbose exit [ 1, true ]
